c:\users\ragha\onedrive\documents\github\mission-cpp\interview\linkedlist\linkedlist\debug\linkedlist.pch
c:\users\ragha\onedrive\documents\github\mission-cpp\interview\linkedlist\linkedlist\debug\vc140.pdb
c:\users\ragha\onedrive\documents\github\mission-cpp\interview\linkedlist\linkedlist\debug\vc140.idb
c:\users\ragha\onedrive\documents\github\mission-cpp\interview\linkedlist\linkedlist\debug\stdafx.obj
c:\users\ragha\onedrive\documents\github\mission-cpp\interview\linkedlist\linkedlist\debug\addnumberrepresentedbylinklist.obj
c:\users\ragha\onedrive\documents\github\mission-cpp\interview\linkedlist\linkedlist\debug\copylinklistwitharbitpointer.obj
c:\users\ragha\onedrive\documents\github\mission-cpp\interview\linkedlist\linkedlist\debug\deleteduplicatenodes.obj
c:\users\ragha\onedrive\documents\github\mission-cpp\interview\linkedlist\linkedlist\debug\deletenaftermnodes.obj
c:\users\ragha\onedrive\documents\github\mission-cpp\interview\linkedlist\linkedlist\debug\deletenodewithgreatervalueonright.obj
c:\users\ragha\onedrive\documents\github\mission-cpp\interview\linkedlist\linkedlist\debug\dlist.obj
c:\users\ragha\onedrive\documents\github\mission-cpp\interview\linkedlist\linkedlist\debug\findfirstnonrepeatingcharacter.obj
c:\users\ragha\onedrive\documents\github\mission-cpp\interview\linkedlist\linkedlist\debug\linkedlist.obj
c:\users\ragha\onedrive\documents\github\mission-cpp\interview\linkedlist\linkedlist\debug\reverselinkedlistrecursive.obj
c:\users\ragha\onedrive\documents\github\mission-cpp\interview\linkedlist\linkedlist\debug\slist.obj
c:\users\ragha\onedrive\documents\github\mission-cpp\interview\linkedlist\debug\linkedlist.ilk
c:\users\ragha\onedrive\documents\github\mission-cpp\interview\linkedlist\debug\linkedlist.exe
c:\users\ragha\onedrive\documents\github\mission-cpp\interview\linkedlist\debug\linkedlist.pdb
c:\users\ragha\onedrive\documents\github\mission-cpp\interview\linkedlist\linkedlist\debug\linkedlist.tlog\cl.command.1.tlog
c:\users\ragha\onedrive\documents\github\mission-cpp\interview\linkedlist\linkedlist\debug\linkedlist.tlog\cl.read.1.tlog
c:\users\ragha\onedrive\documents\github\mission-cpp\interview\linkedlist\linkedlist\debug\linkedlist.tlog\cl.write.1.tlog
c:\users\ragha\onedrive\documents\github\mission-cpp\interview\linkedlist\linkedlist\debug\linkedlist.tlog\link.command.1.tlog
c:\users\ragha\onedrive\documents\github\mission-cpp\interview\linkedlist\linkedlist\debug\linkedlist.tlog\link.read.1.tlog
c:\users\ragha\onedrive\documents\github\mission-cpp\interview\linkedlist\linkedlist\debug\linkedlist.tlog\link.write.1.tlog
