c:\users\ragha\onedrive\documents\github\mission-cpp\interview\array\array\debug\array.pch
c:\users\ragha\onedrive\documents\github\mission-cpp\interview\array\array\debug\vc140.pdb
c:\users\ragha\onedrive\documents\github\mission-cpp\interview\array\array\debug\vc140.idb
c:\users\ragha\onedrive\documents\github\mission-cpp\interview\array\array\debug\stdafx.obj
c:\users\ragha\onedrive\documents\github\mission-cpp\interview\array\array\debug\array.pdb
c:\users\ragha\onedrive\documents\github\mission-cpp\interview\array\array\debug\array.idb
c:\users\ragha\onedrive\documents\github\mission-cpp\interview\array\array\debug\additivenumber.obj
c:\users\ragha\onedrive\documents\github\mission-cpp\interview\array\array\debug\arrayaddition.obj
c:\users\ragha\onedrive\documents\github\mission-cpp\interview\array\array\debug\bestmeetingpoint.obj
c:\users\ragha\onedrive\documents\github\mission-cpp\interview\array\array\debug\buysellstocks.obj
c:\users\ragha\onedrive\documents\github\mission-cpp\interview\array\array\debug\missingranges.obj
c:\users\ragha\onedrive\documents\github\mission-cpp\interview\array\array\debug\selfcrossing.obj
c:\users\ragha\onedrive\documents\github\mission-cpp\interview\array\array\debug\shortestpalindrome.obj
c:\users\ragha\onedrive\documents\github\mission-cpp\interview\array\array\debug\threesumsmallerthantarget.obj
c:\users\ragha\onedrive\documents\github\mission-cpp\interview\array\array\debug\meeting.obj
c:\users\ragha\onedrive\documents\github\mission-cpp\interview\array\array\debug\maximumsumpathtwoarrays.obj
c:\users\ragha\onedrive\documents\github\mission-cpp\interview\array\array\debug\minimumdistancebetweentwonumbers.obj
c:\users\ragha\onedrive\documents\github\mission-cpp\interview\array\array\debug\maximumofsubarrayofsizek.obj
c:\users\ragha\onedrive\documents\github\mission-cpp\interview\array\array\debug\maxproductsubarray.obj
c:\users\ragha\onedrive\documents\github\mission-cpp\interview\array\array\debug\stablemarriageproblem.obj
c:\users\ragha\onedrive\documents\github\mission-cpp\interview\array\array\debug\reorderarraybyindex.obj
c:\users\ragha\onedrive\documents\github\mission-cpp\interview\array\array\debug\searchelementincircularsorted.obj
c:\users\ragha\onedrive\documents\github\mission-cpp\interview\array\array\debug\countoccurenceinsortedarray.obj
c:\users\ragha\onedrive\documents\github\mission-cpp\interview\array\array\debug\maximumsumsubarray.obj
c:\users\ragha\onedrive\documents\github\mission-cpp\interview\array\array\debug\2dpeak.obj
c:\users\ragha\onedrive\documents\github\mission-cpp\interview\array\array\debug\checkifarrayelementsareconsecutive.obj
c:\users\ragha\onedrive\documents\github\mission-cpp\interview\array\array\debug\longestsubsequenceofconsecutivenumbers.obj
c:\users\ragha\onedrive\documents\github\mission-cpp\interview\array\debug\array.lib
c:\users\ragha\onedrive\documents\github\mission-cpp\interview\array\debug\array.ilk
c:\users\ragha\onedrive\documents\github\mission-cpp\interview\array\debug\array.exe
c:\users\ragha\onedrive\documents\github\mission-cpp\interview\array\debug\array.pdb
c:\users\ragha\onedrive\documents\github\mission-cpp\interview\array\array\debug\array.tlog\cl.command.1.tlog
c:\users\ragha\onedrive\documents\github\mission-cpp\interview\array\array\debug\array.tlog\cl.read.1.tlog
c:\users\ragha\onedrive\documents\github\mission-cpp\interview\array\array\debug\array.tlog\cl.write.1.tlog
c:\users\ragha\onedrive\documents\github\mission-cpp\interview\array\array\debug\array.tlog\lib-link.read.1.tlog
c:\users\ragha\onedrive\documents\github\mission-cpp\interview\array\array\debug\array.tlog\lib-link.write.1.tlog
c:\users\ragha\onedrive\documents\github\mission-cpp\interview\array\array\debug\array.tlog\lib.command.1.tlog
c:\users\ragha\onedrive\documents\github\mission-cpp\interview\array\array\debug\array.tlog\link.command.1.tlog
c:\users\ragha\onedrive\documents\github\mission-cpp\interview\array\array\debug\array.tlog\link.read.1.tlog
c:\users\ragha\onedrive\documents\github\mission-cpp\interview\array\array\debug\array.tlog\link.write.1.tlog
